17:23:39 | Initialized table with address 0000026F83B47E60
17:23:39 | Initialized table with address 0000026F83B481E0
17:23:39 | Initialized table with address 0000026F83B48360
17:23:39 | Initialized table with address 0000026F83B49060
17:23:39 | Initialized table with address 0000026F83B48D60
17:23:39 | Initialized table with address 0000026F83B483E0
17:23:39 | Added element to table with address 0000026F83B47E60 with hash 2 and index 1 at pos 0
17:23:39 | Added element to table with address 0000026F83B481E0 with hash 492766 and index 1 at pos 1
17:23:39 | Added element to table with address 0000026F83B48360 with hash 884883 and index 1 at pos 0
17:23:39 | Added element to table with address 0000026F83B49060 with hash 539164 and index 1 at pos 1
17:23:39 | Added element to table with address 0000026F83B48D60 with hash 563616 and index 1 at pos 1
17:23:39 | Added element to table with address 0000026F83B483E0 with hash 2 and index 1 at pos 0
17:23:39 | Added element to table with address 0000026F83B47E60 with hash 3 and index 2 at pos 0
17:23:39 | Added element to table with address 0000026F83B481E0 with hash 816244 and index 2 at pos 0
17:23:39 | Added element to table with address 0000026F83B48360 with hash 974590 and index 2 at pos 0
17:23:39 | Added element to table with address 0000026F83B49060 with hash 540133 and index 2 at pos 1
17:23:39 | Added element to table with address 0000026F83B48D60 with hash 564947 and index 2 at pos 1
17:23:39 | Added element to table with address 0000026F83B483E0 with hash 1 and index 2 at pos 1
17:23:39 | Added element to table with address 0000026F83B47E60 with hash 4 and index 3 at pos 0
17:23:39 | Added element to table with address 0000026F83B481E0 with hash 925701 and index 3 at pos 0
17:23:39 | Added element to table with address 0000026F83B48360 with hash 541065 and index 3 at pos 3
17:23:39 | Added element to table with address 0000026F83B49060 with hash 686425 and index 3 at pos 1
17:23:39 | Added element to table with address 0000026F83B48D60 with hash 592911 and index 3 at pos 0
17:23:39 | Added element to table with address 0000026F83B483E0 with hash 1 and index 3 at pos 1
17:23:39 | Added element to table with address 0000026F83B47E60 with hash 5 and index 4 at pos 0
17:23:39 | Added element to table with address 0000026F83B481E0 with hash 584905 and index 4 at pos 2
17:23:39 | Added element to table with address 0000026F83B48360 with hash 963584 and index 4 at pos 1
17:23:39 | Added element to table with address 0000026F83B49060 with hash 614484 and index 4 at pos 2
17:23:39 | Added element to table with address 0000026F83B48D60 with hash 622202 and index 4 at pos 0
17:23:39 | Added element to table with address 0000026F83B483E0 with hash 1 and index 4 at pos 1
17:23:39 | Added element to table with address 0000026F83B47E60 with hash 6 and index 5 at pos 0
17:23:39 | Added element to table with address 0000026F83B481E0 with hash 494761 and index 5 at pos 4
17:23:39 | Added element to table with address 0000026F83B48360 with hash 448582 and index 5 at pos 5
17:23:39 | Added element to table with address 0000026F83B49060 with hash 998976 and index 5 at pos 0
17:23:39 | Added element to table with address 0000026F83B48D60 with hash 592966 and index 5 at pos 1
17:23:39 | Added element to table with address 0000026F83B483E0 with hash 1 and index 5 at pos 2
17:23:39 | Added element to table with address 0000026F83B47E60 with hash 7 and index 6 at pos 0
17:23:39 | Added element to table with address 0000026F83B481E0 with hash 87321 and index 6 at pos 6
17:23:39 | Added element to table with address 0000026F83B48360 with hash 922132 and index 6 at pos 2
17:23:39 | Added element to table with address 0000026F83B49060 with hash 647252 and index 6 at pos 3
17:23:39 | Added element to table with address 0000026F83B48D60 with hash 77800 and index 6 at pos 6
17:23:39 | Added element to table with address 0000026F83B483E0 with hash 2 and index 6 at pos 0
17:23:39 | Added element to table with address 0000026F83B47E60 with hash 8 and index 7 at pos 0
17:23:39 | Added element to table with address 0000026F83B481E0 with hash 553494 and index 7 at pos 3
17:23:39 | Added element to table with address 0000026F83B48360 with hash 34687 and index 7 at pos 7
17:23:39 | Added element to table with address 0000026F83B49060 with hash 569969 and index 7 at pos 5
17:23:39 | Added element to table with address 0000026F83B48D60 with hash 666127 and index 7 at pos 0
17:23:39 | Added element to table with address 0000026F83B483E0 with hash 2 and index 7 at pos 1
17:23:39 | Added element to table with address 0000026F83B47E60 with hash 9 and index 8 at pos 0
17:23:39 | Added element to table with address 0000026F83B481E0 with hash 93532 and index 8 at pos 7
17:23:39 | Added element to table with address 0000026F83B48360 with hash 469938 and index 8 at pos 6
17:23:39 | Added element to table with address 0000026F83B49060 with hash 131942 and index 8 at pos 8
17:23:39 | Added element to table with address 0000026F83B48D60 with hash 607583 and index 8 at pos 2
17:23:39 | Added element to table with address 0000026F83B483E0 with hash 2 and index 8 at pos 1
17:23:39 | Added element to table with address 0000026F83B47E60 with hash 10 and index 9 at pos 0
17:23:39 | Added element to table with address 0000026F83B481E0 with hash 331628 and index 9 at pos 7
17:23:39 | Added element to table with address 0000026F83B48360 with hash 555149 and index 9 at pos 5
17:23:39 | Added element to table with address 0000026F83B49060 with hash 562588 and index 9 at pos 6
17:23:39 | Added element to table with address 0000026F83B48D60 with hash 565014 and index 9 at pos 5
17:23:39 | Added element to table with address 0000026F83B483E0 with hash 2 and index 9 at pos 2
17:23:39 | Added element to table with address 0000026F83B47E60 with hash 11 and index 10 at pos 0
17:23:39 | Added element to table with address 0000026F83B481E0 with hash 899638 and index 10 at pos 1
17:23:39 | Added element to table with address 0000026F83B48360 with hash 459420 and index 10 at pos 8
17:23:39 | Added element to table with address 0000026F83B49060 with hash 495438 and index 10 at pos 9
17:23:39 | Added element to table with address 0000026F83B48D60 with hash 636900 and index 10 at pos 1
17:23:39 | Added element to table with address 0000026F83B483E0 with hash 3 and index 10 at pos 0
17:23:39 | Added element to table with address 0000026F83B47E60 with hash 12 and index 11 at pos 0
17:23:39 | Added element to table with address 0000026F83B481E0 with hash 602903 and index 11 at pos 3
17:23:39 | Added element to table with address 0000026F83B48360 with hash 884883 and index 11 at pos 3
17:23:39 | Added element to table with address 0000026F83B49060 with hash 840131 and index 11 at pos 2
17:23:39 | Added element to table with address 0000026F83B48D60 with hash 592986 and index 11 at pos 4
17:23:39 | Added element to table with address 0000026F83B483E0 with hash 3 and index 11 at pos 0
17:23:39 | Added element to table with address 0000026F83B47E60 with hash 13 and index 12 at pos 0
17:23:39 | Added element to table with address 0000026F83B481E0 with hash 972021 and index 12 at pos 0
17:23:39 | Added element to table with address 0000026F83B48360 with hash 133973 and index 12 at pos 11
17:23:39 | Added element to table with address 0000026F83B49060 with hash 54844 and index 12 at pos 12
17:23:39 | Added element to table with address 0000026F83B48D60 with hash 680746 and index 12 at pos 0
17:23:39 | Added element to table with address 0000026F83B483E0 with hash 3 and index 12 at pos 1
17:23:39 | Added element to table with address 0000026F83B47E60 with hash 14 and index 13 at pos 0
17:23:39 | Added element to table with address 0000026F83B481E0 with hash 436069 and index 13 at pos 10
17:23:39 | Added element to table with address 0000026F83B48360 with hash 810155 and index 13 at pos 5
17:23:39 | Added element to table with address 0000026F83B49060 with hash 132689 and index 13 at pos 11
17:23:39 | Added element to table with address 0000026F83B48D60 with hash 578268 and index 13 at pos 8
17:23:39 | Added element to table with address 0000026F83B483E0 with hash 3 and index 13 at pos 1
17:23:39 | Added element to table with address 0000026F83B47E60 with hash 15 and index 14 at pos 0
17:23:39 | Added element to table with address 0000026F83B481E0 with hash 85640 and index 14 at pos 14
17:23:39 | Added element to table with address 0000026F83B48360 with hash 550941 and index 14 at pos 8
17:23:39 | Added element to table with address 0000026F83B49060 with hash 534382 and index 14 at pos 10
17:23:39 | Added element to table with address 0000026F83B48D60 with hash 651496 and index 14 at pos 2
17:23:39 | Added element to table with address 0000026F83B483E0 with hash 3 and index 14 at pos 3
17:23:39 | Added element to table with address 0000026F83B47E60 with hash 16 and index 15 at pos 0
17:23:39 | Added element to table with address 0000026F83B481E0 with hash 809977 and index 15 at pos 4
17:23:39 | Added element to table with address 0000026F83B48360 with hash 937749 and index 15 at pos 2
17:23:39 | Added element to table with address 0000026F83B49060 with hash 842566 and index 15 at pos 2
17:23:39 | Added element to table with address 0000026F83B48D60 with hash 563616 and index 15 at pos 13
17:23:39 | Added element to table with address 0000026F83B483E0 with hash 4 and index 15 at pos 0
17:23:39 | Added element to table with address 0000026F83B47E60 with hash 17 and index 16 at pos 0
17:23:39 | Added element to table with address 0000026F83B481E0 with hash 816188 and index 16 at pos 4
17:23:39 | Added element to table with address 0000026F83B48360 with hash 943960 and index 16 at pos 2
17:23:39 | Added element to table with address 0000026F83B49060 with hash 848777 and index 16 at pos 2
17:23:39 | Added element to table with address 0000026F83B48D60 with hash 578268 and index 16 at pos 9
17:23:39 | Added element to table with address 0000026F83B483E0 with hash 4 and index 16 at pos 0
17:23:39 | Added element to table with address 0000026F83B47E60 with hash 18 and index 17 at pos 0
17:23:39 | Added element to table with address 0000026F83B481E0 with hash 594227 and index 17 at pos 7
17:23:39 | Added element to table with address 0000026F83B48360 with hash 555149 and index 17 at pos 9
17:23:39 | Added element to table with address 0000026F83B49060 with hash 716495 and index 17 at pos 5
17:23:39 | Added element to table with address 0000026F83B48D60 with hash 592920 and index 17 at pos 8
17:23:39 | Added element to table with address 0000026F83B483E0 with hash 4 and index 17 at pos 1
17:23:39 | Added element to table with address 0000026F83B47E60 with hash 19 and index 18 at pos 0
17:23:39 | Added element to table with address 0000026F83B481E0 with hash 782028 and index 18 at pos 6
17:23:39 | Added element to table with address 0000026F83B48360 with hash 918371 and index 18 at pos 5
17:23:39 | Added element to table with address 0000026F83B49060 with hash 534382 and index 18 at pos 13
17:23:39 | Added element to table with address 0000026F83B48D60 with hash 607572 and index 18 at pos 6
17:23:39 | Added element to table with address 0000026F83B483E0 with hash 4 and index 18 at pos 2
17:23:39 | Added element to table with address 0000026F83B47E60 with hash 20 and index 19 at pos 0
17:23:39 | Added element to table with address 0000026F83B481E0 with hash 436069 and index 19 at pos 14
17:23:39 | Added element to table with address 0000026F83B48360 with hash 810155 and index 19 at pos 8
17:23:39 | Added element to table with address 0000026F83B49060 with hash 983054 and index 19 at pos 1
17:23:39 | Added element to table with address 0000026F83B48D60 with hash 622224 and index 19 at pos 4
17:23:39 | Added element to table with address 0000026F83B483E0 with hash 4 and index 19 at pos 2
17:23:39 | Added element to table with address 0000026F83B47E60 with hash 21 and index 20 at pos 0
17:23:39 | Added element to table with address 0000026F83B481E0 with hash 384279 and index 20 at pos 16
17:23:39 | Added element to table with address 0000026F83B48360 with hash 459420 and index 20 at pos 16
17:23:39 | Added element to table with address 0000026F83B49060 with hash 495438 and index 20 at pos 16
17:23:39 | Added element to table with address 0000026F83B48D60 with hash 636876 and index 20 at pos 4
17:23:39 | Added element to table with address 0000026F83B483E0 with hash 5 and index 20 at pos 0
17:23:39 | Added element to table with address 0000026F83B47E60 with hash 22 and index 21 at pos 0
17:23:39 | Added element to table with address 0000026F83B481E0 with hash 85640 and index 21 at pos 20
17:23:39 | Added element to table with address 0000026F83B48360 with hash 829364 and index 21 at pos 8
17:23:39 | Added element to table with address 0000026F83B49060 with hash 460041 and index 21 at pos 18
17:23:39 | Added element to table with address 0000026F83B48D60 with hash 651528 and index 21 at pos 2
17:23:39 | Added element to table with address 0000026F83B483E0 with hash 5 and index 21 at pos 0
17:23:39 | Added element to table with address 0000026F83B47E60 with hash 23 and index 22 at pos 0
17:23:39 | Added element to table with address 0000026F83B481E0 with hash 841795 and index 22 at pos 3
17:23:39 | Added element to table with address 0000026F83B48360 with hash 550941 and index 22 at pos 14
17:23:39 | Added element to table with address 0000026F83B49060 with hash 501649 and index 22 at pos 16
17:23:39 | Added element to table with address 0000026F83B48D60 with hash 666180 and index 22 at pos 1
17:23:39 | Added element to table with address 0000026F83B483E0 with hash 5 and index 22 at pos 1
17:23:39 | Added element to table with address 0000026F83B47E60 with hash 24 and index 23 at pos 0
17:23:39 | Added element to table with address 0000026F83B481E0 with hash 899638 and index 23 at pos 2
17:23:39 | Added element to table with address 0000026F83B48360 with hash 133973 and index 23 at pos 21
17:23:39 | Added element to table with address 0000026F83B49060 with hash 131942 and index 23 at pos 21
17:23:39 | Added element to table with address 0000026F83B48D60 with hash 680832 and index 23 at pos 0
17:23:39 | Added element to table with address 0000026F83B483E0 with hash 5 and index 23 at pos 2
17:23:39 | Added element to table with address 0000026F83B47E60 with hash 25 and index 24 at pos 0
17:23:39 | Added element to table with address 0000026F83B481E0 with hash 972021 and index 24 at pos 0
17:23:39 | Added element to table with address 0000026F83B48360 with hash 469938 and index 24 at pos 17
17:23:39 | Added element to table with address 0000026F83B49060 with hash 147864 and index 24 at pos 20
17:23:39 | Added element to table with address 0000026F83B48D60 with hash 550296 and index 24 at pos 23
17:23:39 | Added element to table with address 0000026F83B483E0 with hash 5 and index 24 at pos 2
17:23:39 | Added element to table with address 0000026F83B47E60 with hash 26 and index 25 at pos 0
17:23:39 | Added element to table with address 0000026F83B481E0 with hash 87321 and index 25 at pos 22
17:23:39 | Added element to table with address 0000026F83B48360 with hash 922132 and index 25 at pos 4
17:23:39 | Added element to table with address 0000026F83B49060 with hash 647252 and index 25 at pos 8
17:23:39 | Added element to table with address 0000026F83B48D60 with hash 564948 and index 25 at pos 20
17:23:39 | Added element to table with address 0000026F83B483E0 with hash 6 and index 25 at pos 0
17:23:39 | Added element to table with address 0000026F83B47E60 with hash 27 and index 26 at pos 0
17:23:39 | Added element to table with address 0000026F83B481E0 with hash 93532 and index 26 at pos 21
17:23:39 | Added element to table with address 0000026F83B48360 with hash 129910 and index 26 at pos 25
17:23:39 | Added element to table with address 0000026F83B49060 with hash 369367 and index 26 at pos 21
17:23:39 | Added element to table with address 0000026F83B48D60 with hash 579600 and index 26 at pos 16
17:23:39 | Added element to table with address 0000026F83B483E0 with hash 6 and index 26 at pos 0
17:23:39 | Added element to table with address 0000026F83B47E60 with hash 28 and index 27 at pos 0
17:23:39 | Added element to table with address 0000026F83B481E0 with hash 972051 and index 27 at pos 0
17:23:39 | Added element to table with address 0000026F83B48360 with hash 469938 and index 27 at pos 19
17:23:39 | Added element to table with address 0000026F83B49060 with hash 831416 and index 27 at pos 6
17:23:39 | Added element to table with address 0000026F83B48D60 with hash 563639 and index 27 at pos 23
17:23:39 | Added element to table with address 0000026F83B483E0 with hash 6 and index 27 at pos 1
17:23:39 | Added element to table with address 0000026F83B47E60 with hash 29 and index 28 at pos 0
17:23:39 | Added element to table with address 0000026F83B481E0 with hash 331628 and index 28 at pos 21
17:23:39 | Added element to table with address 0000026F83B48360 with hash 339157 and index 28 at pos 24
17:23:39 | Added element to table with address 0000026F83B49060 with hash 929318 and index 28 at pos 3
17:23:39 | Added element to table with address 0000026F83B48D60 with hash 578291 and index 28 at pos 17
17:23:39 | Added element to table with address 0000026F83B483E0 with hash 6 and index 28 at pos 1
17:23:39 | Added element to table with address 0000026F83B47E60 with hash 30 and index 29 at pos 0
17:23:39 | Added element to table with address 0000026F83B481E0 with hash 857189 and index 29 at pos 6
17:23:39 | Added element to table with address 0000026F83B48360 with hash 944983 and index 29 at pos 2
17:23:39 | Added element to table with address 0000026F83B49060 with hash 131942 and index 29 at pos 27
17:23:39 | Added element to table with address 0000026F83B48D60 with hash 592943 and index 29 at pos 14
17:23:39 | Added element to table with address 0000026F83B483E0 with hash 7 and index 29 at pos 0
17:23:39 | Added element to table with address 0000026F83B47E60 with hash 31 and index 30 at pos 0
17:23:39 | Added element to table with address 0000026F83B481E0 with hash 906056 and index 30 at pos 4
17:23:39 | Added element to table with address 0000026F83B48360 with hash 34687 and index 30 at pos 29
17:23:39 | Added element to table with address 0000026F83B49060 with hash 829966 and index 30 at pos 8
17:23:39 | Added element to table with address 0000026F83B48D60 with hash 592975 and index 30 at pos 13
17:23:39 | Added element to table with address 0000026F83B483E0 with hash 1 and index 30 at pos 26
17:23:39 | Initialized table with address 0000026F83B48E60
17:23:39 | Initialized table with address 0000026F83B47F60
17:23:39 | Initialized table with address 0000026F83B49160
17:23:39 | Initialized table with address 0000026F83B488E0
17:23:39 | Initialized table with address 0000026F83B498E0
17:23:39 | Added element to table with address 0000026F83B48E60 with hash 2 and index 1 at pos 0
17:23:40 | Added element to table with address 0000026F83B47F60 with hash 837661 and index 1 at pos 0
17:23:40 | Added element to table with address 0000026F83B49160 with hash 1 and index 1 at pos 0
17:23:40 | Added element to table with address 0000026F83B488E0 with hash 120207 and index 1 at pos 0
17:23:40 | Added element to table with address 0000026F83B498E0 with hash 1 and index 1 at pos 0
17:23:40 | Added element to table with address 0000026F83B48E60 with hash 3 and index 2 at pos 0
17:23:40 | Added element to table with address 0000026F83B47F60 with hash 324832 and index 2 at pos 2
17:23:40 | Added element to table with address 0000026F83B49160 with hash 1 and index 2 at pos 0
17:23:40 | Added element to table with address 0000026F83B488E0 with hash 120208 and index 2 at pos 0
17:23:40 | Added element to table with address 0000026F83B498E0 with hash 1 and index 2 at pos 0
17:23:40 | Added element to table with address 0000026F83B48E60 with hash 4 and index 3 at pos 0
17:23:40 | Added element to table with address 0000026F83B47F60 with hash 631480 and index 3 at pos 1
17:23:40 | Added element to table with address 0000026F83B49160 with hash 1 and index 3 at pos 1
17:23:40 | Added element to table with address 0000026F83B488E0 with hash 120306 and index 3 at pos 0
17:23:40 | Added element to table with address 0000026F83B498E0 with hash 2 and index 3 at pos 0
17:23:40 | Added element to table with address 0000026F83B48E60 with hash 5 and index 4 at pos 0
17:23:40 | Added element to table with address 0000026F83B47F60 with hash 792531 and index 4 at pos 1
17:23:40 | Added element to table with address 0000026F83B49160 with hash 1 and index 4 at pos 1
17:23:40 | Added element to table with address 0000026F83B488E0 with hash 120307 and index 4 at pos 0
17:23:40 | Added element to table with address 0000026F83B498E0 with hash 2 and index 4 at pos 0
17:23:40 | Added element to table with address 0000026F83B48E60 with hash 6 and index 5 at pos 0
17:23:40 | Added element to table with address 0000026F83B47F60 with hash 953582 and index 5 at pos 0
17:23:40 | Added element to table with address 0000026F83B49160 with hash 1 and index 5 at pos 2
17:23:40 | Added element to table with address 0000026F83B488E0 with hash 120308 and index 5 at pos 0
17:23:40 | Added element to table with address 0000026F83B498E0 with hash 2 and index 5 at pos 1
17:23:40 | Initialized table with address 0000026F83B492E0
17:23:40 | Initialized table with address 0000026F83B484E0
17:23:40 | Initialized table with address 0000026F83B48A60
17:23:40 | Initialized table with address 0000026F83B47D60
17:23:40 | Added element to table with address 0000026F83B492E0 with hash 2 and index 1 at pos 0
17:23:40 | Added element to table with address 0000026F83B484E0 with hash 326083 and index 1 at pos 0
17:23:40 | Added element to table with address 0000026F83B48A60 with hash 264753 and index 1 at pos 0
17:23:40 | Added element to table with address 0000026F83B47D60 with hash 831693 and index 1 at pos 0
